<?xml version="1.0" encoding="UTF-8"?>
<!-- Generated by org.testng.reporters.JUnitXMLReporter -->
<testsuite ignored="0" hostname="yinons-MacBook-Pro-2.local" failures="0" tests="10" name="Test" time="31.23" errors="0" timestamp="2021-08-08T13:18:01 IDT">
  <testcase classname="TestsObjects.CreateCircleTest" name="CreateCircle" time="0.501"/>
  <testcase classname="TestsObjects.CreatePolygonTest" name="CreateCircle" time="0.707"/>
  <testcase classname="TestsObjects.DeleteCircleTest" name="CreateCircle" time="0.392"/>
  <testcase classname="TestsObjects.DeleteCircleTest" name="DeleteCircle" time="0.149"/>
  <testcase classname="TestsObjects.DragPolygonTest" name="CreateCircle" time="0.728"/>
  <testcase classname="TestsObjects.DragPolygonTest" name="DragAndDropPolygon" time="0.513"/>
  <testcase classname="TestsObjects.DivdePolygonTest" name="CreateCircle" time="0.702"/>
  <testcase classname="TestsObjects.DivdePolygonTest" name="DividePolygon" time="0.674"/>
  <testcase classname="TestsObjects.EditPolyLineTest" name="CreatePolyLine" time="0.442"/>
  <testcase classname="TestsObjects.EditPolyLineTest" name="EditPolyLineCircle" time="0.677"/>
</testsuite> <!-- Test -->
