<?xml version="1.0" encoding="UTF-8"?>
<testng-results ignored="0" total="10" passed="10" failed="0" skipped="0">
  <reporter-output>
  </reporter-output>
  <suite started-at="2021-08-08T13:17:30 IDT" name="Suite" finished-at="2021-08-08T13:18:01 IDT" duration-ms="31230">
    <groups>
      <group name="sanity-group">
        <method signature="CreateCircleTest.CreateCircle()[pri:1, instance:TestsObjects.CreateCircleTest@7bb35cc6]" name="CreateCircle" class="TestsObjects.CreateCircleTest"/>
        <method signature="CreatePolygonTest.CreateCircle()[pri:1, instance:TestsObjects.CreatePolygonTest@203c20cf]" name="CreateCircle" class="TestsObjects.CreatePolygonTest"/>
        <method signature="DeleteCircleTest.CreateCircle()[pri:1, instance:TestsObjects.DeleteCircleTest@2a1debfa]" name="CreateCircle" class="TestsObjects.DeleteCircleTest"/>
        <method signature="DeleteCircleTest.DeleteCircle()[pri:2, instance:TestsObjects.DeleteCircleTest@2a1debfa]" name="DeleteCircle" class="TestsObjects.DeleteCircleTest"/>
        <method signature="DivdePolygonTest.CreateCircle()[pri:1, instance:TestsObjects.DivdePolygonTest@44de94c3]" name="CreateCircle" class="TestsObjects.DivdePolygonTest"/>
        <method signature="DivdePolygonTest.DividePolygon()[pri:2, instance:TestsObjects.DivdePolygonTest@44de94c3]" name="DividePolygon" class="TestsObjects.DivdePolygonTest"/>
        <method signature="DragPolygonTest.CreateCircle()[pri:1, instance:TestsObjects.DragPolygonTest@6411d3c8]" name="CreateCircle" class="TestsObjects.DragPolygonTest"/>
        <method signature="DragPolygonTest.DragAndDropPolygon()[pri:2, instance:TestsObjects.DragPolygonTest@6411d3c8]" name="DragAndDropPolygon" class="TestsObjects.DragPolygonTest"/>
        <method signature="EditPolyLineTest.CreatePolyLine()[pri:1, instance:TestsObjects.EditPolyLineTest@256aa5f2]" name="CreatePolyLine" class="TestsObjects.EditPolyLineTest"/>
        <method signature="EditPolyLineTest.EditPolyLineCircle()[pri:2, instance:TestsObjects.EditPolyLineTest@256aa5f2]" name="EditPolyLineCircle" class="TestsObjects.EditPolyLineTest"/>
      </group> <!-- sanity-group -->
    </groups>
    <test started-at="2021-08-08T13:17:30 IDT" name="Test" finished-at="2021-08-08T13:18:01 IDT" duration-ms="31230">
      <class name="TestsObjects.CreateCircleTest">
        <test-method is-config="true" signature="setupCapability(org.testng.ITestContext)[pri:0, instance:TestsObjects.CreateCircleTest@7bb35cc6]" started-at="2021-08-08T13:17:30 IDT" name="setupCapability" finished-at="2021-08-08T13:17:36 IDT" duration-ms="5842" status="PASS">
          <params>
            <param index="0">
              <value>
                <![CDATA[org.testng.TestRunner@299270eb]]>
              </value>
            </param>
          </params>
          <reporter-output>
          </reporter-output>
        </test-method> <!-- setupCapability -->
        <test-method signature="CreateCircle()[pri:1, instance:TestsObjects.CreateCircleTest@7bb35cc6]" started-at="2021-08-08T13:17:36 IDT" name="CreateCircle" finished-at="2021-08-08T13:17:36 IDT" duration-ms="501" status="PASS">
          <reporter-output>
          </reporter-output>
        </test-method> <!-- CreateCircle -->
        <test-method is-config="true" signature="close()[pri:0, instance:TestsObjects.CreateCircleTest@7bb35cc6]" started-at="2021-08-08T13:17:36 IDT" name="close" finished-at="2021-08-08T13:17:37 IDT" duration-ms="187" status="PASS">
          <reporter-output>
          </reporter-output>
        </test-method> <!-- close -->
      </class> <!-- TestsObjects.CreateCircleTest -->
      <class name="TestsObjects.CreatePolygonTest">
        <test-method is-config="true" signature="setupCapability(org.testng.ITestContext)[pri:0, instance:TestsObjects.CreatePolygonTest@203c20cf]" started-at="2021-08-08T13:17:37 IDT" name="setupCapability" finished-at="2021-08-08T13:17:40 IDT" duration-ms="3761" status="PASS">
          <params>
            <param index="0">
              <value>
                <![CDATA[org.testng.TestRunner@299270eb]]>
              </value>
            </param>
          </params>
          <reporter-output>
          </reporter-output>
        </test-method> <!-- setupCapability -->
        <test-method signature="CreateCircle()[pri:1, instance:TestsObjects.CreatePolygonTest@203c20cf]" started-at="2021-08-08T13:17:40 IDT" name="CreateCircle" finished-at="2021-08-08T13:17:41 IDT" duration-ms="707" status="PASS">
          <reporter-output>
          </reporter-output>
        </test-method> <!-- CreateCircle -->
        <test-method is-config="true" signature="close()[pri:0, instance:TestsObjects.CreatePolygonTest@203c20cf]" started-at="2021-08-08T13:17:41 IDT" name="close" finished-at="2021-08-08T13:17:41 IDT" duration-ms="166" status="PASS">
          <reporter-output>
          </reporter-output>
        </test-method> <!-- close -->
      </class> <!-- TestsObjects.CreatePolygonTest -->
      <class name="TestsObjects.EditPolyLineTest">
        <test-method is-config="true" signature="setupCapability(org.testng.ITestContext)[pri:0, instance:TestsObjects.EditPolyLineTest@256aa5f2]" started-at="2021-08-08T13:17:56 IDT" name="setupCapability" finished-at="2021-08-08T13:18:00 IDT" duration-ms="3717" status="PASS">
          <params>
            <param index="0">
              <value>
                <![CDATA[org.testng.TestRunner@299270eb]]>
              </value>
            </param>
          </params>
          <reporter-output>
          </reporter-output>
        </test-method> <!-- setupCapability -->
        <test-method signature="CreatePolyLine()[pri:1, instance:TestsObjects.EditPolyLineTest@256aa5f2]" started-at="2021-08-08T13:18:00 IDT" name="CreatePolyLine" finished-at="2021-08-08T13:18:00 IDT" duration-ms="442" status="PASS">
          <reporter-output>
          </reporter-output>
        </test-method> <!-- CreatePolyLine -->
        <test-method signature="EditPolyLineCircle()[pri:2, instance:TestsObjects.EditPolyLineTest@256aa5f2]" started-at="2021-08-08T13:18:00 IDT" name="EditPolyLineCircle" finished-at="2021-08-08T13:18:01 IDT" duration-ms="677" status="PASS">
          <reporter-output>
          </reporter-output>
        </test-method> <!-- EditPolyLineCircle -->
        <test-method is-config="true" signature="close()[pri:0, instance:TestsObjects.EditPolyLineTest@256aa5f2]" started-at="2021-08-08T13:18:01 IDT" name="close" finished-at="2021-08-08T13:18:01 IDT" duration-ms="188" status="PASS">
          <reporter-output>
          </reporter-output>
        </test-method> <!-- close -->
      </class> <!-- TestsObjects.EditPolyLineTest -->
      <class name="TestsObjects.DivdePolygonTest">
        <test-method is-config="true" signature="setupCapability(org.testng.ITestContext)[pri:0, instance:TestsObjects.DivdePolygonTest@44de94c3]" started-at="2021-08-08T13:17:51 IDT" name="setupCapability" finished-at="2021-08-08T13:17:55 IDT" duration-ms="3678" status="PASS">
          <params>
            <param index="0">
              <value>
                <![CDATA[org.testng.TestRunner@299270eb]]>
              </value>
            </param>
          </params>
          <reporter-output>
          </reporter-output>
        </test-method> <!-- setupCapability -->
        <test-method signature="CreateCircle()[pri:1, instance:TestsObjects.DivdePolygonTest@44de94c3]" started-at="2021-08-08T13:17:55 IDT" name="CreateCircle" finished-at="2021-08-08T13:17:55 IDT" duration-ms="702" status="PASS">
          <reporter-output>
          </reporter-output>
        </test-method> <!-- CreateCircle -->
        <test-method signature="DividePolygon()[pri:2, instance:TestsObjects.DivdePolygonTest@44de94c3]" started-at="2021-08-08T13:17:55 IDT" name="DividePolygon" finished-at="2021-08-08T13:17:56 IDT" duration-ms="674" status="PASS">
          <reporter-output>
          </reporter-output>
        </test-method> <!-- DividePolygon -->
        <test-method is-config="true" signature="close()[pri:0, instance:TestsObjects.DivdePolygonTest@44de94c3]" started-at="2021-08-08T13:17:56 IDT" name="close" finished-at="2021-08-08T13:17:56 IDT" duration-ms="174" status="PASS">
          <reporter-output>
          </reporter-output>
        </test-method> <!-- close -->
      </class> <!-- TestsObjects.DivdePolygonTest -->
      <class name="TestsObjects.DeleteCircleTest">
        <test-method is-config="true" signature="setupCapability(org.testng.ITestContext)[pri:0, instance:TestsObjects.DeleteCircleTest@2a1debfa]" started-at="2021-08-08T13:17:41 IDT" name="setupCapability" finished-at="2021-08-08T13:17:45 IDT" duration-ms="3708" status="PASS">
          <params>
            <param index="0">
              <value>
                <![CDATA[org.testng.TestRunner@299270eb]]>
              </value>
            </param>
          </params>
          <reporter-output>
          </reporter-output>
        </test-method> <!-- setupCapability -->
        <test-method signature="CreateCircle()[pri:1, instance:TestsObjects.DeleteCircleTest@2a1debfa]" started-at="2021-08-08T13:17:45 IDT" name="CreateCircle" finished-at="2021-08-08T13:17:45 IDT" duration-ms="392" status="PASS">
          <reporter-output>
          </reporter-output>
        </test-method> <!-- CreateCircle -->
        <test-method signature="DeleteCircle()[pri:2, instance:TestsObjects.DeleteCircleTest@2a1debfa]" started-at="2021-08-08T13:17:45 IDT" name="DeleteCircle" finished-at="2021-08-08T13:17:45 IDT" duration-ms="149" status="PASS">
          <reporter-output>
          </reporter-output>
        </test-method> <!-- DeleteCircle -->
        <test-method is-config="true" signature="close()[pri:0, instance:TestsObjects.DeleteCircleTest@2a1debfa]" started-at="2021-08-08T13:17:45 IDT" name="close" finished-at="2021-08-08T13:17:46 IDT" duration-ms="178" status="PASS">
          <reporter-output>
          </reporter-output>
        </test-method> <!-- close -->
      </class> <!-- TestsObjects.DeleteCircleTest -->
      <class name="TestsObjects.DragPolygonTest">
        <test-method is-config="true" signature="setupCapability(org.testng.ITestContext)[pri:0, instance:TestsObjects.DragPolygonTest@6411d3c8]" started-at="2021-08-08T13:17:46 IDT" name="setupCapability" finished-at="2021-08-08T13:17:49 IDT" duration-ms="3771" status="PASS">
          <params>
            <param index="0">
              <value>
                <![CDATA[org.testng.TestRunner@299270eb]]>
              </value>
            </param>
          </params>
          <reporter-output>
          </reporter-output>
        </test-method> <!-- setupCapability -->
        <test-method signature="CreateCircle()[pri:1, instance:TestsObjects.DragPolygonTest@6411d3c8]" started-at="2021-08-08T13:17:49 IDT" name="CreateCircle" finished-at="2021-08-08T13:17:50 IDT" duration-ms="728" status="PASS">
          <reporter-output>
          </reporter-output>
        </test-method> <!-- CreateCircle -->
        <test-method signature="DragAndDropPolygon()[pri:2, instance:TestsObjects.DragPolygonTest@6411d3c8]" started-at="2021-08-08T13:17:50 IDT" name="DragAndDropPolygon" finished-at="2021-08-08T13:17:51 IDT" duration-ms="513" status="PASS">
          <reporter-output>
          </reporter-output>
        </test-method> <!-- DragAndDropPolygon -->
        <test-method is-config="true" signature="close()[pri:0, instance:TestsObjects.DragPolygonTest@6411d3c8]" started-at="2021-08-08T13:17:51 IDT" name="close" finished-at="2021-08-08T13:17:51 IDT" duration-ms="170" status="PASS">
          <reporter-output>
          </reporter-output>
        </test-method> <!-- close -->
      </class> <!-- TestsObjects.DragPolygonTest -->
    </test> <!-- Test -->
  </suite> <!-- Suite -->
</testng-results>
